2024-05-31T09:57:50+00:00 NOTICE Start search for dignissim CONTEXT: {"_legacy":true}
2024-05-31T09:57:50+00:00 NOTICE Execution time 0 0.1368554 CONTEXT: {"_legacy":true}
2024-05-31T09:57:50+00:00 NOTICE Tokens Array
(
    [0] => dignissim
)
 CONTEXT: {"_legacy":true}
2024-05-31T09:57:50+00:00 NOTICE Execution time 1 0.2325642 CONTEXT: {"_legacy":true}
2024-05-31T09:57:50+00:00 NOTICE Execution time 0.2530416 CONTEXT: {"_legacy":true}
2024-05-31T10:01:16+00:00 NOTICE Start search for dignissim CONTEXT: {"_legacy":true}
2024-05-31T10:01:16+00:00 NOTICE Execution time 0 0.0535565 CONTEXT: {"_legacy":true}
2024-05-31T10:01:16+00:00 NOTICE Tokens Array
(
    [0] => dignissim
)
 CONTEXT: {"_legacy":true}
2024-05-31T10:01:16+00:00 NOTICE Execution time 1 0.0636659 CONTEXT: {"_legacy":true}
2024-05-31T10:01:16+00:00 NOTICE Execution time 0.0666803 CONTEXT: {"_legacy":true}
2024-05-31T10:12:59+00:00 NOTICE Start search for dignissim CONTEXT: {"_legacy":true}
2024-05-31T10:12:59+00:00 NOTICE Execution time 0 0.0552124 CONTEXT: {"_legacy":true}
2024-05-31T10:12:59+00:00 NOTICE Tokens Array
(
    [0] => dignissim
)
 CONTEXT: {"_legacy":true}
2024-05-31T10:12:59+00:00 NOTICE Execution time 1 0.06401 CONTEXT: {"_legacy":true}
2024-05-31T10:12:59+00:00 NOTICE Execution time 0.0666242 CONTEXT: {"_legacy":true}
2024-05-31T10:37:54+00:00 NOTICE Start search for clear CONTEXT: {"_legacy":true}
2024-05-31T10:37:54+00:00 NOTICE Execution time 0 0.1446693 CONTEXT: {"_legacy":true}
2024-05-31T10:37:54+00:00 NOTICE Tokens Array
(
    [0] => clear
)
 CONTEXT: {"_legacy":true}
2024-05-31T10:37:54+00:00 NOTICE Execution time 1 0.1557996 CONTEXT: {"_legacy":true}
2024-05-31T10:37:54+00:00 NOTICE Execution time 0.1579752 CONTEXT: {"_legacy":true}
2024-05-31T10:38:00+00:00 NOTICE Start search for clear CONTEXT: {"_legacy":true}
2024-05-31T10:38:00+00:00 NOTICE Execution time 0 0.0088412 CONTEXT: {"_legacy":true}
2024-05-31T10:38:00+00:00 NOTICE Tokens Array
(
    [0] => clear
)
 CONTEXT: {"_legacy":true}
2024-05-31T10:38:00+00:00 NOTICE Execution time 1 0.016938 CONTEXT: {"_legacy":true}
2024-05-31T10:38:00+00:00 NOTICE Execution time 0.0190186 CONTEXT: {"_legacy":true}
2024-05-31T10:38:02+00:00 NOTICE Start search for clear CONTEXT: {"_legacy":true}
2024-05-31T10:38:02+00:00 NOTICE Execution time 0 0.0140654 CONTEXT: {"_legacy":true}
2024-05-31T10:38:02+00:00 NOTICE Tokens Array
(
    [0] => clear
)
 CONTEXT: {"_legacy":true}
2024-05-31T10:38:02+00:00 NOTICE Execution time 1 0.0216421 CONTEXT: {"_legacy":true}
2024-05-31T10:38:02+00:00 NOTICE Execution time 0.0237375 CONTEXT: {"_legacy":true}
2024-05-31T10:38:07+00:00 NOTICE Start search for clear CONTEXT: {"_legacy":true}
2024-05-31T10:38:07+00:00 NOTICE Execution time 0 0.0105984 CONTEXT: {"_legacy":true}
2024-05-31T10:38:07+00:00 NOTICE Tokens Array
(
    [0] => clear
)
 CONTEXT: {"_legacy":true}
2024-05-31T10:38:07+00:00 NOTICE Execution time 1 0.0172186 CONTEXT: {"_legacy":true}
2024-05-31T10:38:07+00:00 NOTICE Execution time 0.0194321 CONTEXT: {"_legacy":true}
