2024-06-03T07:45:11+00:00 NOTICE Start search for oz CONTEXT: {"_legacy":true}
2024-06-03T07:45:11+00:00 NOTICE Execution time 0 0.348145 CONTEXT: {"_legacy":true}
2024-06-03T07:45:11+00:00 NOTICE Tokens Array
(
    [0] => oz
)
 CONTEXT: {"_legacy":true}
2024-06-03T07:45:11+00:00 NOTICE Execution time 1 0.5068309 CONTEXT: {"_legacy":true}
2024-06-03T07:45:11+00:00 NOTICE Execution time 0.5277176 CONTEXT: {"_legacy":true}
2024-06-03T07:47:27+00:00 NOTICE Start search for oz CONTEXT: {"_legacy":true}
2024-06-03T07:47:28+00:00 NOTICE Execution time 0 0.4521668 CONTEXT: {"_legacy":true}
2024-06-03T07:47:28+00:00 NOTICE Tokens Array
(
    [0] => oz
)
 CONTEXT: {"_legacy":true}
2024-06-03T07:47:28+00:00 NOTICE Execution time 1 0.5332092 CONTEXT: {"_legacy":true}
2024-06-03T07:47:28+00:00 NOTICE Execution time 0.5562402 CONTEXT: {"_legacy":true}
2024-06-03T08:41:36+00:00 NOTICE Start search for oz CONTEXT: {"_legacy":true}
2024-06-03T08:41:36+00:00 NOTICE Execution time 0 0.0127123 CONTEXT: {"_legacy":true}
2024-06-03T08:41:36+00:00 NOTICE Tokens Array
(
    [0] => oz
)
 CONTEXT: {"_legacy":true}
2024-06-03T08:41:36+00:00 NOTICE Execution time 1 0.0257333 CONTEXT: {"_legacy":true}
2024-06-03T08:41:36+00:00 NOTICE Execution time 0.0279109 CONTEXT: {"_legacy":true}
