2024-06-10T09:21:20+00:00 NOTICE Start search for clear CONTEXT: {"_legacy":true}
2024-06-10T09:21:20+00:00 NOTICE Execution time 0 0.0389514 CONTEXT: {"_legacy":true}
2024-06-10T09:21:20+00:00 NOTICE Tokens Array
(
    [0] => clear
)
 CONTEXT: {"_legacy":true}
2024-06-10T09:21:20+00:00 NOTICE Execution time 1 0.1632016 CONTEXT: {"_legacy":true}
2024-06-10T09:21:20+00:00 NOTICE Execution time 0.1852884 CONTEXT: {"_legacy":true}
2024-06-10T09:21:27+00:00 NOTICE Start search for clearS CONTEXT: {"_legacy":true}
2024-06-10T09:21:27+00:00 NOTICE Execution time 0 0.0534223 CONTEXT: {"_legacy":true}
2024-06-10T09:21:28+00:00 NOTICE Tokens Array
(
    [0] => clears
)
 CONTEXT: {"_legacy":true}
2024-06-10T09:21:28+00:00 NOTICE Execution time 1 0.1073632 CONTEXT: {"_legacy":true}
2024-06-10T09:21:28+00:00 NOTICE Execution time 0.1306306 CONTEXT: {"_legacy":true}
2024-06-10T09:23:32+00:00 NOTICE Start search for clearS CONTEXT: {"_legacy":true}
2024-06-10T09:23:32+00:00 NOTICE Execution time 0 0.0536127 CONTEXT: {"_legacy":true}
2024-06-10T09:23:32+00:00 NOTICE Tokens Array
(
    [0] => clears
)
 CONTEXT: {"_legacy":true}
2024-06-10T09:23:32+00:00 NOTICE Execution time 1 0.0635198 CONTEXT: {"_legacy":true}
2024-06-10T09:23:32+00:00 NOTICE Execution time 0.0658854 CONTEXT: {"_legacy":true}
2024-06-10T09:23:49+00:00 NOTICE Start search for clearS CONTEXT: {"_legacy":true}
2024-06-10T09:23:49+00:00 NOTICE Execution time 0 0.0109325 CONTEXT: {"_legacy":true}
2024-06-10T09:23:49+00:00 NOTICE Tokens Array
(
    [0] => clears
)
 CONTEXT: {"_legacy":true}
2024-06-10T09:23:49+00:00 NOTICE Execution time 1 0.0194259 CONTEXT: {"_legacy":true}
2024-06-10T09:23:50+00:00 NOTICE Execution time 0.0225244 CONTEXT: {"_legacy":true}
2024-06-10T09:25:11+00:00 NOTICE Start search for clearS CONTEXT: {"_legacy":true}
2024-06-10T09:25:11+00:00 NOTICE Execution time 0 0.0512489 CONTEXT: {"_legacy":true}
2024-06-10T09:25:11+00:00 NOTICE Tokens Array
(
    [0] => clears
)
 CONTEXT: {"_legacy":true}
2024-06-10T09:25:11+00:00 NOTICE Execution time 1 0.0631229 CONTEXT: {"_legacy":true}
2024-06-10T09:25:11+00:00 NOTICE Execution time 0.0658294 CONTEXT: {"_legacy":true}
2024-06-10T09:26:01+00:00 NOTICE Start search for clearS CONTEXT: {"_legacy":true}
2024-06-10T09:26:01+00:00 NOTICE Execution time 0 0.0132132 CONTEXT: {"_legacy":true}
2024-06-10T09:26:01+00:00 NOTICE Tokens Array
(
    [0] => clears
)
 CONTEXT: {"_legacy":true}
2024-06-10T09:26:01+00:00 NOTICE Execution time 1 0.020372 CONTEXT: {"_legacy":true}
2024-06-10T09:26:01+00:00 NOTICE Execution time 0.022191 CONTEXT: {"_legacy":true}
2024-06-10T09:26:43+00:00 NOTICE Start search for Clear CONTEXT: {"_legacy":true}
2024-06-10T09:26:43+00:00 NOTICE Execution time 0 0.0125037 CONTEXT: {"_legacy":true}
2024-06-10T09:26:43+00:00 NOTICE Tokens Array
(
    [0] => clear
)
 CONTEXT: {"_legacy":true}
2024-06-10T09:26:43+00:00 NOTICE Execution time 1 0.0226363 CONTEXT: {"_legacy":true}
2024-06-10T09:26:43+00:00 NOTICE Execution time 0.0251197 CONTEXT: {"_legacy":true}
2024-06-10T09:29:58+00:00 NOTICE Start search for clearS CONTEXT: {"_legacy":true}
2024-06-10T09:29:58+00:00 NOTICE Execution time 0 0.0078763 CONTEXT: {"_legacy":true}
2024-06-10T09:29:58+00:00 NOTICE Tokens Array
(
    [0] => clears
)
 CONTEXT: {"_legacy":true}
2024-06-10T09:29:58+00:00 NOTICE Execution time 1 0.015993 CONTEXT: {"_legacy":true}
2024-06-10T09:29:58+00:00 NOTICE Execution time 0.0179332 CONTEXT: {"_legacy":true}
2024-06-10T09:31:10+00:00 NOTICE Start search for clear CONTEXT: {"_legacy":true}
2024-06-10T09:31:10+00:00 NOTICE Execution time 0 0.007519 CONTEXT: {"_legacy":true}
2024-06-10T09:31:10+00:00 NOTICE Tokens Array
(
    [0] => clear
)
 CONTEXT: {"_legacy":true}
2024-06-10T09:31:10+00:00 NOTICE Execution time 1 0.0131417 CONTEXT: {"_legacy":true}
2024-06-10T09:31:10+00:00 NOTICE Execution time 0.0165536 CONTEXT: {"_legacy":true}
2024-06-10T09:32:38+00:00 NOTICE Start search for clearS CONTEXT: {"_legacy":true}
2024-06-10T09:32:38+00:00 NOTICE Execution time 0 0.0092425 CONTEXT: {"_legacy":true}
2024-06-10T09:32:38+00:00 NOTICE Tokens Array
(
    [0] => clears
)
 CONTEXT: {"_legacy":true}
2024-06-10T09:32:38+00:00 NOTICE Execution time 1 0.0157065 CONTEXT: {"_legacy":true}
2024-06-10T09:32:38+00:00 NOTICE Execution time 0.0178814 CONTEXT: {"_legacy":true}
2024-06-10T09:33:12+00:00 NOTICE Start search for clear CONTEXT: {"_legacy":true}
2024-06-10T09:33:12+00:00 NOTICE Execution time 0 0.0107213 CONTEXT: {"_legacy":true}
2024-06-10T09:33:12+00:00 NOTICE Tokens Array
(
    [0] => clear
)
 CONTEXT: {"_legacy":true}
2024-06-10T09:33:12+00:00 NOTICE Execution time 1 0.0172488 CONTEXT: {"_legacy":true}
2024-06-10T09:33:12+00:00 NOTICE Execution time 0.0194523 CONTEXT: {"_legacy":true}
2024-06-10T09:33:17+00:00 NOTICE Start search for clearss CONTEXT: {"_legacy":true}
2024-06-10T09:33:17+00:00 NOTICE Execution time 0 0.0114414 CONTEXT: {"_legacy":true}
2024-06-10T09:33:17+00:00 NOTICE Tokens Array
(
    [0] => clearss
)
 CONTEXT: {"_legacy":true}
2024-06-10T09:33:17+00:00 NOTICE Execution time 1 0.0152073 CONTEXT: {"_legacy":true}
2024-06-10T09:33:17+00:00 NOTICE Execution time 0.0169595 CONTEXT: {"_legacy":true}
2024-06-10T09:41:10+00:00 NOTICE Start search for clearss CONTEXT: {"_legacy":true}
2024-06-10T09:41:10+00:00 NOTICE Execution time 0 0.0564278 CONTEXT: {"_legacy":true}
2024-06-10T09:41:10+00:00 NOTICE Tokens Array
(
    [0] => clearss
)
 CONTEXT: {"_legacy":true}
2024-06-10T09:41:10+00:00 NOTICE Execution time 1 0.0644338 CONTEXT: {"_legacy":true}
2024-06-10T09:41:10+00:00 NOTICE Execution time 0.0668374 CONTEXT: {"_legacy":true}
2024-06-10T09:41:20+00:00 NOTICE Start search for clearS CONTEXT: {"_legacy":true}
2024-06-10T09:41:20+00:00 NOTICE Execution time 0 0.0073712 CONTEXT: {"_legacy":true}
2024-06-10T09:41:20+00:00 NOTICE Tokens Array
(
    [0] => clears
)
 CONTEXT: {"_legacy":true}
2024-06-10T09:41:20+00:00 NOTICE Execution time 1 0.0125346 CONTEXT: {"_legacy":true}
2024-06-10T09:41:20+00:00 NOTICE Execution time 0.0143398 CONTEXT: {"_legacy":true}
2024-06-10T09:41:58+00:00 NOTICE Start search for clearS CONTEXT: {"_legacy":true}
2024-06-10T09:41:58+00:00 NOTICE Execution time 0 0.0078314 CONTEXT: {"_legacy":true}
2024-06-10T09:41:58+00:00 NOTICE Tokens Array
(
    [0] => clears
)
 CONTEXT: {"_legacy":true}
2024-06-10T09:41:58+00:00 NOTICE Execution time 1 0.0154317 CONTEXT: {"_legacy":true}
2024-06-10T09:41:58+00:00 NOTICE Execution time 0.017945 CONTEXT: {"_legacy":true}
2024-06-10T09:43:17+00:00 NOTICE Start search for clear CONTEXT: {"_legacy":true}
2024-06-10T09:43:17+00:00 NOTICE Execution time 0 0.0083495 CONTEXT: {"_legacy":true}
2024-06-10T09:43:17+00:00 NOTICE Tokens Array
(
    [0] => clear
)
 CONTEXT: {"_legacy":true}
2024-06-10T09:43:17+00:00 NOTICE Execution time 1 0.0143795 CONTEXT: {"_legacy":true}
2024-06-10T09:43:17+00:00 NOTICE Execution time 0.0162624 CONTEXT: {"_legacy":true}
2024-06-10T09:44:50+00:00 NOTICE Start search for clearS CONTEXT: {"_legacy":true}
2024-06-10T09:44:50+00:00 NOTICE Execution time 0 0.0081449 CONTEXT: {"_legacy":true}
2024-06-10T09:44:50+00:00 NOTICE Tokens Array
(
    [0] => clears
)
 CONTEXT: {"_legacy":true}
2024-06-10T09:44:50+00:00 NOTICE Execution time 1 0.0150999 CONTEXT: {"_legacy":true}
2024-06-10T09:44:50+00:00 NOTICE Execution time 0.0170162 CONTEXT: {"_legacy":true}
2024-06-10T09:44:59+00:00 NOTICE Start search for clearSsd CONTEXT: {"_legacy":true}
2024-06-10T09:44:59+00:00 NOTICE Execution time 0 0.006655 CONTEXT: {"_legacy":true}
2024-06-10T09:44:59+00:00 NOTICE Tokens Array
(
    [0] => clearssd
)
 CONTEXT: {"_legacy":true}
2024-06-10T09:44:59+00:00 NOTICE Execution time 1 0.0109441 CONTEXT: {"_legacy":true}
2024-06-10T09:44:59+00:00 NOTICE Execution time 0.0130978 CONTEXT: {"_legacy":true}
